#-----------------------------------------------------------
# Vivado v2018.2 (64-bit)
# SW Build 2258646 on Thu Jun 14 20:03:12 MDT 2018
# IP Build 2256618 on Thu Jun 14 22:10:49 MDT 2018
# Start of session at: Wed Dec  8 09:35:48 2021
# Process ID: 19596
# Current directory: D:/CJ-Documents/User Desktop of Windows/CJ-Verilog-Experiments/lab5/sequence_detection
# Command line: vivado.exe -gui_launcher_event rodinguilauncherevent18316 D:\CJ-Documents\User Desktop of Windows\CJ-Verilog-Experiments\lab5\sequence_detection\sequence_detection.xpr
# Log file: D:/CJ-Documents/User Desktop of Windows/CJ-Verilog-Experiments/lab5/sequence_detection/vivado.log
# Journal file: D:/CJ-Documents/User Desktop of Windows/CJ-Verilog-Experiments/lab5/sequence_detection\vivado.jou
#-----------------------------------------------------------
start_gui
open_project {D:/CJ-Documents/User Desktop of Windows/CJ-Verilog-Experiments/lab5/sequence_detection/sequence_detection.xpr}
INFO: [ProjectBase 1-489] The host OS only allows 260 characters in a normal path. The project is stored in a path with more than 80 characters. If you experience issues with IP, Block Designs, or files not being found, please consider moving the project to a location with a shorter path. Alternately consider using the OS subst command to map part of the path to a drive letter.
Current project path is 'D:/CJ-Documents/User Desktop of Windows/CJ-Verilog-Experiments/lab5/sequence_detection'
Scanning sources...
Finished scanning sources
INFO: [IP_Flow 19-234] Refreshing IP repositories
INFO: [IP_Flow 19-1704] No user IP repositories specified
INFO: [IP_Flow 19-2313] Loaded Vivado IP repository 'D:/Xilinx/Vivado/2018.2/data/ip'.
open_project: Time (s): cpu = 00:00:10 ; elapsed = 00:00:17 . Memory (MB): peak = 734.367 ; gain = 57.551
exit
INFO: [Common 17-206] Exiting Vivado at Wed Dec  8 09:37:10 2021...
